2012-09-27 17:42:52,868 - MainNRSAppLog - INFO - nrs_mqtt_subscription with id=1 and name='Netserver 1' found
2012-09-27 17:42:52,869 - MainNRSAppLog - INFO - thread started Netserver 1 - client rockfalldefence.dyndns.org:1883 /nrs/feeds/+/nodes/+/measures/+
2012-09-27 17:42:52,870 - MainNRSAppLog - INFO - nrs_mqtt_subscription with id=5 and name='Netserver 5' found
2012-09-27 17:42:52,870 - MainNRSAppLog - INFO - Status of client Netserver 1 will be set to 2
2012-09-27 17:42:52,871 - MainNRSAppLog - INFO - thread started Netserver 5 - client rockfalldefence.dyndns.org:1883 /nrs/feeds/+/nodes/+/config
2012-09-27 17:42:52,871 - MainNRSAppLog - INFO - nrs_mqtt_subscription with id=6 and name='Netserver 6' found
2012-09-27 17:42:52,871 - MainNRSAppLog - INFO - Status of client Netserver 5 will be set to 2
2012-09-27 17:42:52,873 - MainNRSAppLog - INFO - thread started Netserver 6 - client rockfalldefence.dyndns.org:1883 /nrs/feeds/+/config
2012-09-27 17:42:52,873 - MainNRSAppLog - INFO - Status of client Netserver 6 will be set to 2
2012-09-27 17:42:52,984 - MainNRSAppLog - INFO - Netserver 1 - msg.topic=/nrs/feeds/1234/nodes/1/measures/ax msg.qos=0 msg.payloadlen=21 msg.retain=1
2012-09-27 17:42:53,017 - MainNRSAppLog - INFO - Netserver 6 - msg.topic=/nrs/feeds/1235/config msg.qos=0 msg.payloadlen=11 msg.retain=1
2012-09-27 17:42:53,017 - MainNRSAppLog - INFO - Netserver 5 - msg.topic=/nrs/feeds/1235/nodes/1/config msg.qos=0 msg.payloadlen=23 msg.retain=1
2012-09-27 17:42:53,050 - MainNRSAppLog - INFO - Netserver 1 - msg.topic=/nrs/feeds/1235/nodes/1/measures/ax msg.qos=0 msg.payloadlen=6 msg.retain=1
2012-09-27 17:42:53,083 - MainNRSAppLog - INFO - Netserver 6 - msg.topic=/nrs/feeds/5959/config msg.qos=0 msg.payloadlen=23 msg.retain=1
2012-09-27 17:42:53,083 - MainNRSAppLog - INFO - Netserver 5 - msg.topic=/nrs/feeds/5656/nodes/1/config msg.qos=0 msg.payloadlen=13 msg.retain=1
2012-09-27 17:42:53,116 - MainNRSAppLog - INFO - Netserver 1 - msg.topic=/nrs/feeds/5656/nodes/1/measures/ax msg.qos=0 msg.payloadlen=12 msg.retain=1
2012-09-27 17:42:53,149 - MainNRSAppLog - INFO - Netserver 5 - msg.topic=/nrs/feeds/5959/nodes/1/config msg.qos=0 msg.payloadlen=17 msg.retain=1
2012-09-27 17:42:53,181 - MainNRSAppLog - INFO - Netserver 1 - msg.topic=/nrs/feeds/1735/nodes/1/measures/ax msg.qos=0 msg.payloadlen=12 msg.retain=1
2012-09-27 17:42:57,595 - MainNRSAppLog - INFO - Netserver 6 - msg.topic=/nrs/feeds/5959/config msg.qos=0 msg.payloadlen=23 msg.retain=0
2012-09-27 17:43:09,072 - MainNRSAppLog - INFO - Netserver 6 - msg.topic=/nrs/feeds/1740/config msg.qos=0 msg.payloadlen=23 msg.retain=0
2012-09-27 17:43:22,228 - MainNRSAppLog - INFO - Netserver 1 - msg.topic=/nrs/feeds/1741/nodes/1/measures/ax msg.qos=0 msg.payloadlen=12 msg.retain=0
2012-09-27 17:43:35,383 - MainNRSAppLog - INFO - Netserver 5 - msg.topic=/nrs/feeds/1741/nodes/1/config msg.qos=0 msg.payloadlen=17 msg.retain=0
2012-09-27 17:43:37,896 - MainNRSAppLog - INFO - Netserver 5 - msg.topic=/nrs/feeds/1741/nodes/1/config msg.qos=0 msg.payloadlen=17 msg.retain=0
2012-09-27 17:43:39,323 - MainNRSAppLog - INFO - Netserver 5 - msg.topic=/nrs/feeds/1741/nodes/1/config msg.qos=0 msg.payloadlen=17 msg.retain=0
2012-09-27 17:43:40,657 - MainNRSAppLog - INFO - Netserver 1 - msg.topic=/nrs/feeds/1741/nodes/1/measures/ax msg.qos=0 msg.payloadlen=12 msg.retain=0
2012-09-27 17:43:42,205 - MainNRSAppLog - INFO - Netserver 1 - msg.topic=/nrs/feeds/1741/nodes/1/measures/ax msg.qos=0 msg.payloadlen=12 msg.retain=0
2012-09-27 17:43:44,276 - MainNRSAppLog - INFO - Netserver 6 - msg.topic=/nrs/feeds/1740/config msg.qos=0 msg.payloadlen=23 msg.retain=0
2012-09-27 17:43:45,234 - MainNRSAppLog - INFO - Netserver 6 - msg.topic=/nrs/feeds/1740/config msg.qos=0 msg.payloadlen=23 msg.retain=0
2012-09-27 17:43:46,126 - MainNRSAppLog - INFO - Netserver 6 - msg.topic=/nrs/feeds/1740/config msg.qos=0 msg.payloadlen=23 msg.retain=0
2012-09-27 17:44:08,235 - MainNRSAppLog - INFO - Status of client Netserver 1 will be set to 3
2012-09-27 17:44:11,463 - MainNRSAppLog - INFO - Netserver 6 - msg.topic=/nrs/feeds/1740/config msg.qos=0 msg.payloadlen=23 msg.retain=0
2012-09-27 17:44:31,258 - MainNRSAppLog - INFO - Netserver 6 - msg.topic=/nrs/feeds/1742/config msg.qos=0 msg.payloadlen=23 msg.retain=0
2012-09-27 17:44:39,338 - MainNRSAppLog - INFO - Netserver 5 - msg.topic=/nrs/feeds/1742/nodes/1/config msg.qos=0 msg.payloadlen=17 msg.retain=0
2012-09-27 17:45:11,071 - MainNRSAppLog - INFO - nrs_mqtt_subscription with id=1 and name='Netserver 1' found
2012-09-27 17:45:11,072 - MainNRSAppLog - INFO - thread started Netserver 1 - client rockfalldefence.dyndns.org:1883 /nrs/feeds/+/nodes/+/measures/+
2012-09-27 17:45:11,073 - MainNRSAppLog - INFO - Status of client Netserver 1 will be set to 2
2012-09-27 17:45:11,178 - MainNRSAppLog - INFO - Netserver 1 - msg.topic=/nrs/feeds/1234/nodes/1/measures/ax msg.qos=0 msg.payloadlen=21 msg.retain=1
2012-09-27 17:45:11,219 - MainNRSAppLog - INFO - Netserver 1 - msg.topic=/nrs/feeds/1235/nodes/1/measures/ax msg.qos=0 msg.payloadlen=6 msg.retain=1
2012-09-27 17:45:11,260 - MainNRSAppLog - INFO - Netserver 1 - msg.topic=/nrs/feeds/5656/nodes/1/measures/ax msg.qos=0 msg.payloadlen=12 msg.retain=1
2012-09-27 17:45:11,301 - MainNRSAppLog - INFO - Netserver 1 - msg.topic=/nrs/feeds/1735/nodes/1/measures/ax msg.qos=0 msg.payloadlen=12 msg.retain=1
2012-09-27 17:45:11,342 - MainNRSAppLog - INFO - Netserver 1 - msg.topic=/nrs/feeds/1741/nodes/1/measures/ax msg.qos=0 msg.payloadlen=12 msg.retain=1
2012-09-27 17:45:11,383 - MainNRSAppLog - INFO - Netserver 1 - msg.topic=/nrs/feeds/1742/nodes/1/measures/ax msg.qos=0 msg.payloadlen=12 msg.retain=1
2012-09-27 17:45:41,069 - MainNRSAppLog - INFO - Netserver 1 - msg.topic=/nrs/feeds/1743/nodes/1/measures/ax msg.qos=0 msg.payloadlen=12 msg.retain=0
2012-09-27 17:45:43,116 - MainNRSAppLog - INFO - Netserver 1 - msg.topic=/nrs/feeds/1743/nodes/1/measures/ax msg.qos=0 msg.payloadlen=12 msg.retain=0
2012-09-27 17:45:48,765 - MainNRSAppLog - INFO - Netserver 5 - msg.topic=/nrs/feeds/1743/nodes/1/config msg.qos=0 msg.payloadlen=17 msg.retain=0
2012-09-27 17:45:54,978 - MainNRSAppLog - INFO - Netserver 6 - msg.topic=/nrs/feeds/1743/config msg.qos=0 msg.payloadlen=23 msg.retain=0
2012-09-27 17:46:02,780 - MainNRSAppLog - INFO - Status of client Netserver 5 will be set to 3
2012-09-27 17:46:02,988 - MainNRSAppLog - INFO - Status of client Netserver 6 will be set to 3
2012-09-27 17:46:03,138 - MainNRSAppLog - INFO - Status of client Netserver 1 will be set to 3
2012-09-27 17:48:08,329 - MainNRSAppLog - INFO - nrs_mqtt_subscription with id=5 and name='Netserver 5' found
2012-09-27 17:48:08,331 - MainNRSAppLog - INFO - thread started Netserver 5 - client rockfalldefence.dyndns.org:1883 /nrs/feeds/+/nodes/+/config
2012-09-27 17:48:08,331 - MainNRSAppLog - INFO - Status of client Netserver 5 will be set to 2
2012-09-27 17:48:08,444 - MainNRSAppLog - INFO - Netserver 5 - msg.topic=/nrs/feeds/1235/nodes/1/config msg.qos=0 msg.payloadlen=23 msg.retain=1
2012-09-27 17:48:08,477 - MainNRSAppLog - INFO - Netserver 5 - msg.topic=/nrs/feeds/5656/nodes/1/config msg.qos=0 msg.payloadlen=13 msg.retain=1
2012-09-27 17:48:08,510 - MainNRSAppLog - INFO - Netserver 5 - msg.topic=/nrs/feeds/5959/nodes/1/config msg.qos=0 msg.payloadlen=17 msg.retain=1
2012-09-27 17:48:08,551 - MainNRSAppLog - INFO - Netserver 5 - msg.topic=/nrs/feeds/1741/nodes/1/config msg.qos=0 msg.payloadlen=17 msg.retain=1
2012-09-27 17:48:08,584 - MainNRSAppLog - INFO - Netserver 5 - msg.topic=/nrs/feeds/1742/nodes/1/config msg.qos=0 msg.payloadlen=17 msg.retain=1
2012-09-27 17:48:08,617 - MainNRSAppLog - INFO - Netserver 5 - msg.topic=/nrs/feeds/1743/nodes/1/config msg.qos=0 msg.payloadlen=17 msg.retain=1
2012-09-27 17:48:08,658 - MainNRSAppLog - INFO - Netserver 5 - msg.topic=/nrs/feeds/1744/nodes/1/config msg.qos=0 msg.payloadlen=17 msg.retain=1
2012-09-27 17:48:08,699 - MainNRSAppLog - INFO - Netserver 5 - msg.topic=/nrs/feeds/1746/nodes/1/config msg.qos=0 msg.payloadlen=17 msg.retain=1
2012-09-27 17:48:26,360 - MainNRSAppLog - INFO - nrs_mqtt_subscription with id=6 and name='Netserver 6' found
2012-09-27 17:48:26,361 - MainNRSAppLog - INFO - thread started Netserver 6 - client rockfalldefence.dyndns.org:1883 /nrs/feeds/+/config
2012-09-27 17:48:26,361 - MainNRSAppLog - INFO - Status of client Netserver 6 will be set to 2
2012-09-27 17:48:26,442 - MainNRSAppLog - INFO - Netserver 6 - msg.topic=/nrs/feeds/1235/config msg.qos=0 msg.payloadlen=11 msg.retain=1
2012-09-27 17:48:26,475 - MainNRSAppLog - INFO - Netserver 6 - msg.topic=/nrs/feeds/5959/config msg.qos=0 msg.payloadlen=23 msg.retain=1
2012-09-27 17:48:26,508 - MainNRSAppLog - INFO - Netserver 6 - msg.topic=/nrs/feeds/1740/config msg.qos=0 msg.payloadlen=23 msg.retain=1
2012-09-27 17:48:26,540 - MainNRSAppLog - INFO - Netserver 6 - msg.topic=/nrs/feeds/1742/config msg.qos=0 msg.payloadlen=23 msg.retain=1
2012-09-27 17:48:26,647 - MainNRSAppLog - INFO - Netserver 6 - msg.topic=/nrs/feeds/1743/config msg.qos=0 msg.payloadlen=23 msg.retain=1
2012-09-27 17:48:26,746 - MainNRSAppLog - INFO - Netserver 6 - msg.topic=/nrs/feeds/1744/config msg.qos=0 msg.payloadlen=23 msg.retain=1
2012-09-27 17:48:26,797 - MainNRSAppLog - INFO - Netserver 6 - msg.topic=/nrs/feeds/1746/config msg.qos=0 msg.payloadlen=23 msg.retain=1
2012-09-27 17:48:44,389 - MainNRSAppLog - INFO - nrs_mqtt_subscription with id=1 and name='Netserver 1' found
2012-09-27 17:48:44,390 - MainNRSAppLog - INFO - thread started Netserver 1 - client rockfalldefence.dyndns.org:1883 /nrs/feeds/+/nodes/+/measures/+
2012-09-27 17:48:44,390 - MainNRSAppLog - INFO - Status of client Netserver 1 will be set to 2
2012-09-27 17:48:44,531 - MainNRSAppLog - INFO - Netserver 1 - msg.topic=/nrs/feeds/1234/nodes/1/measures/ax msg.qos=0 msg.payloadlen=21 msg.retain=1
2012-09-27 17:48:44,572 - MainNRSAppLog - INFO - Netserver 1 - msg.topic=/nrs/feeds/1235/nodes/1/measures/ax msg.qos=0 msg.payloadlen=6 msg.retain=1
2012-09-27 17:48:44,613 - MainNRSAppLog - INFO - Netserver 1 - msg.topic=/nrs/feeds/5656/nodes/1/measures/ax msg.qos=0 msg.payloadlen=12 msg.retain=1
2012-09-27 17:48:44,654 - MainNRSAppLog - INFO - Netserver 1 - msg.topic=/nrs/feeds/1735/nodes/1/measures/ax msg.qos=0 msg.payloadlen=12 msg.retain=1
2012-09-27 17:48:44,695 - MainNRSAppLog - INFO - Netserver 1 - msg.topic=/nrs/feeds/1741/nodes/1/measures/ax msg.qos=0 msg.payloadlen=12 msg.retain=1
2012-09-27 17:48:44,736 - MainNRSAppLog - INFO - Netserver 1 - msg.topic=/nrs/feeds/1742/nodes/1/measures/ax msg.qos=0 msg.payloadlen=12 msg.retain=1
2012-09-27 17:48:44,777 - MainNRSAppLog - INFO - Netserver 1 - msg.topic=/nrs/feeds/1743/nodes/1/measures/ax msg.qos=0 msg.payloadlen=12 msg.retain=1
2012-09-27 17:48:44,818 - MainNRSAppLog - INFO - Netserver 1 - msg.topic=/nrs/feeds/1744/nodes/1/measures/ax msg.qos=0 msg.payloadlen=12 msg.retain=1
2012-09-27 17:48:44,859 - MainNRSAppLog - INFO - Netserver 1 - msg.topic=/nrs/feeds/1746/nodes/1/measures/ax msg.qos=0 msg.payloadlen=12 msg.retain=1
2012-09-27 17:48:56,752 - MainNRSAppLog - INFO - Status of client Netserver 5 will be set to 3
2012-09-27 17:48:56,829 - MainNRSAppLog - INFO - Status of client Netserver 6 will be set to 3
2012-09-27 17:48:56,872 - MainNRSAppLog - INFO - Status of client Netserver 1 will be set to 3
